Change Component Comment : Designator=C4 Old Comment=593D106X96R3A2TE3 New Comment=0.1uF
Change Component Comment : Designator=C8 Old Comment=593D106X96R3A2TE3 New Comment=0.1uF
Change Component Comment : Designator=R8 Old Comment=ERA6AEB102V New Comment=1M
Change Component Comment : Designator=R7 Old Comment=ERA6AEB102V New Comment=10k
Change Component Designator: OldDesignator=C2 NewDesignator=C3
Change Component Designator: OldDesignator=C3 NewDesignator=C4
Change Component Designator: OldDesignator=C4 NewDesignator=C7
Change Component Designator: OldDesignator=C5 NewDesignator=C2
Change Component Designator: OldDesignator=C6 NewDesignator=C8
Change Component Designator: OldDesignator=C7 NewDesignator=C5
Change Component Designator: OldDesignator=C8 NewDesignator=C10
Change Component Designator: OldDesignator=C9 NewDesignator=C6
Change Component Designator: OldDesignator=C10 NewDesignator=C9
Change Component Designator: OldDesignator=J1 NewDesignator=J2
Change Component Designator: OldDesignator=J2 NewDesignator=J1
Change Component Designator: OldDesignator=R3 NewDesignator=R5
Change Component Designator: OldDesignator=R4 NewDesignator=R6
Change Component Designator: OldDesignator=R5 NewDesignator=R7
Change Component Designator: OldDesignator=R6 NewDesignator=R8
Change Component Designator: OldDesignator=R7 NewDesignator=R3
Change Component Designator: OldDesignator=R8 NewDesignator=R4
Change Component Description : Designator=C7 Old Description=Capacitor Polarised New Description=Capacitor Polarised, 593D106X96R3A2TE3
Change Component Description : Designator=C10 Old Description=Capacitor Polarised New Description=Capacitor Polarised,  593D106X96R3A2TE3
Change Component Description : Designator=R4 Old Description=RES 1K OHM 0.1% 1/8W 0805 New Description=RES 1K OHM 0.1% 1/8W 0805, ERA6AEB105V
Change Component Description : Designator=R3 Old Description=RES 1K OHM 0.1% 1/8W 0805 New Description=RES 10K OHM 0.1% 1/8W 0805,  ERA6AEB103V
Change Net Name : Old Net Name=NetC6_1 New Net Name=NetC8_1
Change Net Name : Old Net Name=NetC6_2 New Net Name=NetC8_2
Change Net Name : Old Net Name=NetC9_2 New Net Name=NetC6_2
Change Net Name : Old Net Name=NetR4_2 New Net Name=NetR6_2
Change Net Name : Old Net Name=NetR5_1 New Net Name=NetR7_1
