Change Managed Component Library Link : Designator=C4 Old VaultGUID=B7D15EC3-160A-466F-A46C-7801FE6295A7 New VaultGUID=B7D15EC3-160A-466F-A46C-7801FE6295A7 Old ItemGUID=5660882B-150B-4094-87BA-B5EF54490023 New ItemGUID=AABD9198-7064-4B21-8A6F-CFB2508A0683 Old RevisionGUID=E0EE8E1E-84A2-45AE-A25A-81BF0C559E93 New RevisionGUID=5F75CA00-5564-491C-8766-AE706C525318
Change component parameters: Designator = "C4" ("C4"); Footprint = "VISH-TR8-M_L"; UniqueID = "\ZYZYNMZU" ("\ZYZYNMZU")
Change component parameters (AddParameter): Name = "Capacitance"; Value = "10µF"; VariantName = "[No Variations]"
Change component parameters (AddParameter): Name = "Catalog Drawings"; Value = "TR8SeriesTR8SeriesBottom"; VariantName = "[No Variations]"
Change component parameters (AddParameter): Name = "Category"; Value = "Capacitors"; VariantName = "[No Variations]"
Change component parameters (AddParameter): Name = "Datasheet URL"; Value = "http://www.vishay.com/docs/40114/tr8.pdf"; VariantName = "[No Variations]"
Change component parameters (AddParameter): Name = "Datasheet Version"; Value = "03/2016"; VariantName = "[No Variations]"
Change component parameters (AddParameter): Name = "ESR (Equivalent Series Resistance)"; Value = "2Ohm"; VariantName = "[No Variations]"
Change component parameters (AddParameter): Name = "Family"; Value = "TantalumCapacitors"; VariantName = "[No Variations]"
Change component parameters (AddParameter): Name = "Featured Product"; Value = "TR8SeriesMoldedMicroTan™TantalumChipCapacitors"; VariantName = "[No Variations]"
Change component parameters (AddParameter): Name = "Features"; Value = "GeneralPurpose"; VariantName = "[No Variations]"
Change component parameters (AddParameter): Name = "Height - Seated (Max)"; Value = "0.035"(0.89mm)"; VariantName = "[No Variations]"
Change component parameters (AddParameter): Name = "Lead Spacing"; Value = "-"; VariantName = "[No Variations]"
Change component parameters (AddParameter): Name = "Lifetime @ Temp."; Value = "-"; VariantName = "[No Variations]"
Change component parameters (AddParameter): Name = "Manufacturer"; Value = "Vishay"; VariantName = "[No Variations]"
Change component parameters (AddParameter): Name = "Manufacturer Size Code"; Value = "M"; VariantName = "[No Variations]"
Change component parameters (AddParameter): Name = "Manufacturer URL"; Value = "http://www.vishay.com/"; VariantName = "[No Variations]"
Change component parameters (AddParameter): Name = "Mounting Technology"; Value = "SurfaceMount"; VariantName = "[No Variations]"
Change component parameters (AddParameter): Name = "Mounting Type"; Value = "SurfaceMount"; VariantName = "[No Variations]"
Change component parameters (AddParameter): Name = "Online Catalog"; Value = "MICROTAN®TR8Series"; VariantName = "[No Variations]"
Change component parameters (AddParameter): Name = "Operating Temperature"; Value = "-55°C~125°C"; VariantName = "[No Variations]"
Change component parameters (AddParameter): Name = "Other Names"; Value = "718-1673-6"; VariantName = "[No Variations]"
Change component parameters (AddParameter): Name = "Package / Case"; Value = "0603(1608Metric)"; VariantName = "[No Variations]"
Change component parameters (AddParameter): Name = "Package Description"; Value = "2-Pin Surface Mount Device, Body 1.6 x 0.85 mm"; VariantName = "[No Variations]"
Change component parameters (AddParameter): Name = "Package Reference"; Value = "TR8-M"; VariantName = "[No Variations]"
Change component parameters (AddParameter): Name = "Packaging"; Value = "Digi-Reel®"; VariantName = "[No Variations]"
Change component parameters (AddParameter): Name = "Series"; Value = "MICROTAN®TR8"; VariantName = "[No Variations]"
Change component parameters (AddParameter): Name = "Size / Dimension"; Value = "0.063"Lx0.033"W(1.60mmx0.85mm)"; VariantName = "[No Variations]"
Change component parameters (AddParameter): Name = "Standard Package"; Value = "1"; VariantName = "[No Variations]"
Change component parameters (AddParameter): Name = "Tolerance"; Value = "±20%"; VariantName = "[No Variations]"
Change component parameters (AddParameter): Name = "Type"; Value = "Molded"; VariantName = "[No Variations]"
Change component parameters (AddParameter): Name = "Voltage - Rated"; Value = "10V"; VariantName = "[No Variations]"
Added Component: Designator=C?(VISH-293D-E_L)
Add component (AddParameter): Name = "Capacitance"; Value = "10000000pF"; VariantName = "[No Variations]"
Add component (AddParameter): Name = "Case Code"; Value = "E"; VariantName = "[No Variations]"
Add component (AddParameter): Name = "Case Style"; Value = "Molded"; VariantName = "[No Variations]"
Add component (AddParameter): Name = "Construction"; Value = "SMTChip"; VariantName = "[No Variations]"
Add component (AddParameter): Name = "Datasheet URL"; Value = "http://www.vishay.com/docs/40002/293d.pdf"; VariantName = "[No Variations]"
Add component (AddParameter): Name = "Datasheet Version"; Value = "08/2016"; VariantName = "[No Variations]"
Add component (AddParameter): Name = "DCL"; Value = "5uA"; VariantName = "[No Variations]"
Add component (AddParameter): Name = "DELETED"; Value = "Compliant"; VariantName = "[No Variations]"
Add component (AddParameter): Name = "DF"; Value = "6%"; VariantName = "[No Variations]"
Add component (AddParameter): Name = "ESR"; Value = "0.8ohm"; VariantName = "[No Variations]"
Add component (AddParameter): Name = "Failure Rate"; Value = "NotRequired"; VariantName = "[No Variations]"
Add component (AddParameter): Name = "Insulation"; Value = "NotRequired"; VariantName = "[No Variations]"
Add component (AddParameter): Name = "Lead Spacing (nom)"; Value = "NotRequiredmm"; VariantName = "[No Variations]"
Add component (AddParameter): Name = "Length W/Weld"; Value = "NotRequiredmm"; VariantName = "[No Variations]"
Add component (AddParameter): Name = "Length W/Weld (max)"; Value = "NotRequiredmm"; VariantName = "[No Variations]"
Add component (AddParameter): Name = "Manufacturer"; Value = "Vishay"; VariantName = "[No Variations]"
Add component (AddParameter): Name = "Manufacturer URL"; Value = "http://www.vishay.com/"; VariantName = "[No Variations]"
Add component (AddParameter): Name = "Mounting Style"; Value = "SurfaceMount"; VariantName = "[No Variations]"
Add component (AddParameter): Name = "Mounting Technology"; Value = "SurfaceMount"; VariantName = "[No Variations]"
Add component (AddParameter): Name = "Operating Temp Range"; Value = "-55Cto125C"; VariantName = "[No Variations]"
Add component (AddParameter): Name = "Package / Case"; Value = "7343-43"; VariantName = "[No Variations]"
Add component (AddParameter): Name = "Package Description"; Value = "2-Pin Surface Mount Device, Body 7.3 x 4.3 mm"; VariantName = "[No Variations]"
Add component (AddParameter): Name = "Package Reference"; Value = "293D-E"; VariantName = "[No Variations]"
Add component (AddParameter): Name = "Packaging"; Value = "TapeandReel"; VariantName = "[No Variations]"
Add component (AddParameter): Name = "Polarity"; Value = "Polar"; VariantName = "[No Variations]"
Add component (AddParameter): Name = "Product Depth (mm)"; Value = "4.3mm"; VariantName = "[No Variations]"
Add component (AddParameter): Name = "Product Diameter (mm)"; Value = "NotRequiredmm"; VariantName = "[No Variations]"
Add component (AddParameter): Name = "Product Height (mm)"; Value = "4mm"; VariantName = "[No Variations]"
Add component (AddParameter): Name = "Product Length (mm)"; Value = "7.3mm"; VariantName = "[No Variations]"
Add component (AddParameter): Name = "Rad Hardened"; Value = "No"; VariantName = "[No Variations]"
Add component (AddParameter): Name = "Seal"; Value = "NotRequired"; VariantName = "[No Variations]"
Add component (AddParameter): Name = "Seated Plane Height"; Value = "NotRequiredmm"; VariantName = "[No Variations]"
Add component (AddParameter): Name = "Tolerance (+ or -)"; Value = "10%"; VariantName = "[No Variations]"
Add component (AddParameter): Name = "Voltage"; Value = "50VDC"; VariantName = "[No Variations]"
Add component (AddParameter): Name = "Wire Form"; Value = "NotRequired"; VariantName = "[No Variations]"
Added Member To Class: ClassName=Sheet1 Member=Component C? 293D106X9050E2TE3
