
Starting the DC solver at Sat Dec 14 14:24:21 2024
Creating the DC design
..parsing the options file 
..using NUMBER_OF_PROCESSORS = 16
..parsing the layout file 
..parsing the stimulus file 
..extracting the connectivity 
..extracting the substrate 
Initializing electric analysis
Electric analysis
..loading the electric component models
..electric matrix size: 14832
..loading the electric matrix equation
..solving the electric matrix equation
.........|.........|.........|.........|
..max voltage: 4.99925
..writing the output files
Electric N-port analysis
..number of ports: 6
..loading the electric component models
..electric matrix size: 14832
..loading the electric matrix equation
..solving the electric matrix equation
.........|.........|.........|.........|
..writing the model file
DC solver resources
..elapsed time: 0.6 s
..user time: 4.2 s
..physical memory: 38 MB
..virtual memory: 63 MB

