Generating Mesh	0.7376
Generating Mesh\Assigning Materials 	0.0036141
Generating Mesh\Reading Design 	0.0330716
Generating Mesh\Reading Design \Reading Design	0.0271918
Generating Mesh\Reading Design \Reading Design\Do Smart Slicing	0.0057587
Generating Mesh\Reading Design \Reading Design\Simplifying Design	0.012862
Generating Mesh\Refining Surface Mesh	0.561063
Generating Mesh\Refining Surface Mesh\Checking via	7.6e-05
Generating Mesh\Refining Surface Mesh\Convert Local Mesh to Global Mesh	0.0176995
Generating Mesh\Refining Surface Mesh\Detecting Connectivity Problems	0.0035517
Generating Mesh\Refining Surface Mesh\Insert pins MT	0.38172
Generating Mesh\Refining Surface Mesh\Locating Pins	0.0455237
Generating Mesh\Refining Surface Mesh\Locating Pins\Locating instances on layers	0.0365456
Generating Mesh\Refining Surface Mesh\Locating Pins\Locating pins on layers	0.0089602
Generating Mesh\Refining Surface Mesh\Looking for Electrically Isolated Patches 	0.0078158
Generating Mesh\Refining Surface Mesh\Mark electrical interconnects	0.0066771
Generating Mesh\Refining Surface Mesh\Marking Degenerate Elements	0.0022442
Generating Mesh\Refining Surface Mesh\Marking Vias	0.0008346
Generating Mesh\Refining Surface Mesh\Marking thickness for non-circular vias	6.79e-05
Generating Mesh\Refining Surface Mesh\Pruning Surface Mesh 	0.0089017
Generating Mesh\Refining Surface Mesh\Recovering surface attributes 	0.0005691
Generating Mesh\Refining Surface Mesh\Writing ASCII surface mesh file 	0.0664197
Generating Mesh\Refining Surface Mesh\Writing BINARY surface mesh file 	0.0066662
Generating Mesh\SurfaceMesher	0.136697
Generating Mesh\SurfaceMesher\Generating surface mesh 	0.136517
Generating Mesh\SurfaceMesher\Generating surface mesh \Checking surface mesh consistency	0.0012108
Generating Mesh\SurfaceMesher\Generating surface mesh \Computing Aabbs	6.94e-05
Generating Mesh\SurfaceMesher\Generating surface mesh \Convert Global Mesh into Local Meshes	0.0022926
Generating Mesh\SurfaceMesher\Generating surface mesh \Convert Global Mesh into Local Meshes\Stabilizing mesh	1.11e-05
Generating Mesh\SurfaceMesher\Generating surface mesh \Faceting	0.132748
Generating Mesh\SurfaceMesher\Generating surface mesh \Faceting\1D faceting	0.0666765
Generating Mesh\SurfaceMesher\Generating surface mesh \Faceting\1D faceting\1D meshing	0.0664085
Generating Mesh\SurfaceMesher\Generating surface mesh \Faceting\2D faceting	0.0659089
Generating Mesh\SurfaceMesher\Generating surface mesh \Faceting\2D faceting\2D meshing	0.0659055
