Removed Pin From Net: NetName=GND Pin=P?-2
Removed Member From Class: ClassName=Sheet1 Member=P?
Change Component Footprint: Designator=C? Old Footprint=KEMT-A-3216-18-2_M New Footprint=KEMT-1206-2_M
Change Component Comment : Designator=C? Old Comment=T491A106K010AT New Comment=C1206C104K5RACTU
Change Component Designator: OldDesignator=C? NewDesignator=C1
Change Component Designator: OldDesignator=J? NewDesignator=J1
Change Component Designator: OldDesignator=NP? NewDesignator=NP1
Change Component Designator: OldDesignator=R? NewDesignator=R1
Change Component Designator: OldDesignator=R? NewDesignator=R2
Change Component Designator: OldDesignator=R? NewDesignator=R3
Change Component Designator: OldDesignator=U? NewDesignator=U1
Change Managed Component Library Link : Designator=C? Old VaultGUID=B7D15EC3-160A-466F-A46C-7801FE6295A7 New VaultGUID=B7D15EC3-160A-466F-A46C-7801FE6295A7 Old ItemGUID=10668A61-8638-4966-A4CC-F73D19D22649 New ItemGUID=845961A1-FC00-4D8B-8D00-E13A395F9C9C Old RevisionGUID=D7764F6D-F92A-494E-858E-798C2288B266 New RevisionGUID=ADE4E987-8A9C-447E-A0AC-ED7F1669DD54
Change component parameters: Designator = "C?" ("C?"); Footprint = "KEMT-A-3216-18-2_M"; UniqueID = "\RJABCANQ" ("\RJABCANQ")
Change component parameters (AddParameter): Name = "Capacitance"; Value = "0.1µF"; VariantName = "[No Variations]"
Change component parameters (AddParameter): Name = "Capacitance Tolerance"; Value = "±10%"; VariantName = "[No Variations]"
Change component parameters (AddParameter): Name = "Capacitor Case Style"; Value = "1206[3216Metric]"; VariantName = "[No Variations]"
Change component parameters (AddParameter): Name = "Datasheet URL"; Value = "https://datasheet.ciiva.com/6125/1725438-6125494.pdf"; VariantName = "[No Variations]"
Change component parameters (AddParameter): Name = "Datasheet Version"; Value = "Jul-13"; VariantName = "[No Variations]"
Change component parameters (AddParameter): Name = "Dielectric Characteristic"; Value = "X7R"; VariantName = "[No Variations]"
Change component parameters (AddParameter): Name = "Manufacturer"; Value = "Kemet"; VariantName = "[No Variations]"
Change component parameters (AddParameter): Name = "Manufacturer URL"; Value = "http://www.kemet.com/"; VariantName = "[No Variations]"
Change component parameters (AddParameter): Name = "Operating Temperature Max"; Value = "125degC"; VariantName = "[No Variations]"
Change component parameters (AddParameter): Name = "Operating Temperature Min"; Value = "-55degC"; VariantName = "[No Variations]"
Change component parameters (AddParameter): Name = "Package Description"; Value = "2-Leads SMD, Body 3.2 x 1.6 mm"; VariantName = "[No Variations]"
Change component parameters (AddParameter): Name = "Package Reference"; Value = "1206-2"; VariantName = "[No Variations]"
Change component parameters (AddParameter): Name = "Packaging"; Value = "Tape&Reel"; VariantName = "[No Variations]"
Change component parameters (AddParameter): Name = "Product Range"; Value = "KEMET-CSeries"; VariantName = "[No Variations]"
Change component parameters (AddParameter): Name = "SVHC"; Value = "ToBeAdvised"; VariantName = "[No Variations]"
Change component parameters (AddParameter): Name = "Voltage Rating"; Value = "50V"; VariantName = "[No Variations]"
Change Net Name : Old Net Name=NetNP?_2 New Net Name=NetNP1_2
Change Net Name : Old Net Name=NetNP?_3 New Net Name=NetNP1_3
Change Net Name : Old Net Name=NetR?_1 New Net Name=NetR1_1
Added Pin To Net: NetName=NetC1_1 Pin=C1-1
Added Pin To Net: NetName=NetC1_1 Pin=U1-7
Added Net: Name=NetC1_1
Added Pin To Net: NetName=NetR1_2 Pin=R1-2
Added Pin To Net: NetName=NetR1_2 Pin=R3-1
Added Net: Name=NetR1_2
Added Member To Class: ClassName=Sheet1 Member=Component C1 T491A106K010AT
Added Member To Class: ClassName=Sheet1 Member=Component R1 CRCW120647K0FKEA
Added Member To Class: ClassName=Sheet1 Member=Component R3 CRCW120647K0FKEA
