Removed Pin From Net: NetName=GND Pin=C1-1
Removed Pin From Net: NetName=In1 Pin=C1-2
Removed Pin From Net: NetName=In1 Pin=C2-1
Removed Pin From Net: NetName=In2 Pin=C2-2
Removed Member From Class: ClassName=Sheet1 Member=C2
Change Component Footprint: Designator=C1 Old Footprint=KEMT-1206-2_M New Footprint=CAPC0805(2012)145_L
Change Component Comment : Designator=C1 Old Comment=C1206C104K5RACTU New Comment=1nF
Change Component Comment : Designator=C7 Old Comment=CAP 1nF 50V 0805(2012) New Comment=1nF
Change Component Designator: OldDesignator=C7 NewDesignator=C3
Change Managed Component Library Link : Designator=C1 Old VaultGUID=B7D15EC3-160A-466F-A46C-7801FE6295A7 New VaultGUID=B7D15EC3-160A-466F-A46C-7801FE6295A7 Old ItemGUID=845961A1-FC00-4D8B-8D00-E13A395F9C9C New ItemGUID=C541756D-02C9-42C4-9EFD-D3CF822F600D Old RevisionGUID=ADE4E987-8A9C-447E-A0AC-ED7F1669DD54 New RevisionGUID=188BCD5D-5E71-488F-862C-7DCA3BDB3A2B
Change component parameters: Designator = "C1" ("C1"); Footprint = "KEMT-1206-2_M"; UniqueID = "\XJSXWBBE" ("\XJSXWBBE")
Change component parameters (AddParameter): Name = "Case-EIA"; Value = "0805"; VariantName = "[No Variations]"
Change component parameters (AddParameter): Name = "Case-Metric"; Value = "2012"; VariantName = "[No Variations]"
Change component parameters (AddParameter): Name = "Max Thickness"; Value = "1.45 mm"; VariantName = "[No Variations]"
Change component parameters (AddParameter): Name = "Rated Voltage"; Value = "50 V"; VariantName = "[No Variations]"
Change component parameters (AddParameter): Name = "Technology"; Value = "SMT"; VariantName = "[No Variations]"
Change component parameters (AddParameter): Name = "Tolerance"; Value = "Â±5%"; VariantName = "[No Variations]"
Change component parameters (AddParameter): Name = "Value"; Value = "1nF"; VariantName = "[No Variations]"
Added Component: Designator=C?(FP-GRM21B-0_1-IPC_C)
Add component (AddParameter): Name = "Capacitance"; Value = "47nF"; VariantName = "[No Variations]"
Add component (AddParameter): Name = "Case Code (Imperial)"; Value = "0805"; VariantName = "[No Variations]"
Add component (AddParameter): Name = "Case Code (Metric)"; Value = "2012"; VariantName = "[No Variations]"
Add component (AddParameter): Name = "Case/Package"; Value = "0805"; VariantName = "[No Variations]"
Add component (AddParameter): Name = "Lead Free"; Value = "Lead Free"; VariantName = "[No Variations]"
Add component (AddParameter): Name = "Length"; Value = "0.079inch"; VariantName = "[No Variations]"
Add component (AddParameter): Name = "Max Operating Temperature"; Value = "125°C"; VariantName = "[No Variations]"
Add component (AddParameter): Name = "Min Operating Temperature"; Value = "-55°C"; VariantName = "[No Variations]"
Add component (AddParameter): Name = "Mount"; Value = "Surface Mount"; VariantName = "[No Variations]"
Add component (AddParameter): Name = "Packaging"; Value = "Tape and Reel"; VariantName = "[No Variations]"
Add component (AddParameter): Name = "Termination"; Value = "SMD/SMT"; VariantName = "[No Variations]"
Add component (AddParameter): Name = "Thickness"; Value = "0.053inch"; VariantName = "[No Variations]"
Add component (AddParameter): Name = "Tolerance"; Value = "5%"; VariantName = "[No Variations]"
Add component (AddParameter): Name = "Voltage Rating"; Value = "50V"; VariantName = "[No Variations]"
Add component (AddParameter): Name = "Voltage Rating (DC)"; Value = "50V"; VariantName = "[No Variations]"
Add component (AddParameter): Name = "Width"; Value = "0.049inch"; VariantName = "[No Variations]"
Added Pin To Net: NetName=In1 Pin=C1-1
Added Pin To Net: NetName=GND Pin=C1-2
Added Pin To Net: NetName=In1 Pin=C?-1
Added Pin To Net: NetName=In2 Pin=C?-2
Added Member To Class: ClassName=Sheet1 Member=Component C3 1nF
Added Member To Class: ClassName=Sheet1 Member=Component C? GRM21B1X1H473JA01L
