Change Component Designator: OldDesignator=C? NewDesignator=C1
Change Component Designator: OldDesignator=C? NewDesignator=C2
Change Component Designator: OldDesignator=J? NewDesignator=J1
Change Component Designator: OldDesignator=NP? NewDesignator=NP1
Change Component Designator: OldDesignator=P? NewDesignator=P1
Change Component Designator: OldDesignator=R? NewDesignator=R1
Change Component Designator: OldDesignator=R? NewDesignator=R2
Change Component Designator: OldDesignator=R? NewDesignator=R3
Change Component Designator: OldDesignator=U? NewDesignator=U1
Change Net Name : Old Net Name=NetC?_1 New Net Name=NetC2_1
Change Net Name : Old Net Name=NetNP?_2 New Net Name=NetNP1_2
Change Net Name : Old Net Name=NetNP?_3 New Net Name=NetNP1_3
Change Net Name : Old Net Name=NetR?_1 New Net Name=NetR1_1
Added Pin To Net: NetName=NetC1_1 Pin=C1-1
Added Pin To Net: NetName=NetC1_1 Pin=U1-7
Added Net: Name=NetC1_1
Added Pin To Net: NetName=NetR1_2 Pin=R1-2
Added Pin To Net: NetName=NetR1_2 Pin=R3-1
Added Net: Name=NetR1_2
Added Member To Class: ClassName=Sheet1 Member=Component C2 T491A106K010AT
Added Member To Class: ClassName=Sheet1 Member=Component R2 CRCW120647K0FKEA
Added Member To Class: ClassName=Sheet1 Member=Component R3 CRCW120647K0FKEA
