Removed Pin From Net: NetName=In2 Pin=C3-1
Removed Pin From Net: NetName=GND Pin=C3-2
Removed Member From Class: ClassName=Sheet1 Member=C3
Change Component Comment : Designator=R1 Old Comment=ERA6AEB102V New Comment=4k
Change Component Comment : Designator=R2 Old Comment=ERA6AEB102V New Comment=4k
Change Component Comment : Designator=C4 Old Comment=TR8M106M010C2000 New Comment=0.1uF
Change Component Comment : Designator=C8 Old Comment=TR8M106M010C2000 New Comment=0.1uF
Added Component: Designator=C7(CAPC0805(2012)145_L)
Add component (AddParameter): Name = "Case-EIA"; Value = "0805"; VariantName = "[No Variations]"
Add component (AddParameter): Name = "Case-Metric"; Value = "2012"; VariantName = "[No Variations]"
Add component (AddParameter): Name = "Max Thickness"; Value = "1.45 mm"; VariantName = "[No Variations]"
Add component (AddParameter): Name = "Rated Voltage"; Value = "50 V"; VariantName = "[No Variations]"
Add component (AddParameter): Name = "Technology"; Value = "SMT"; VariantName = "[No Variations]"
Add component (AddParameter): Name = "Tolerance"; Value = "±5%"; VariantName = "[No Variations]"
Add component (AddParameter): Name = "Value"; Value = "1nF"; VariantName = "[No Variations]"
Added Pin To Net: NetName=GND Pin=C7-1
Added Pin To Net: NetName=In2 Pin=C7-2
Added Member To Class: ClassName=Sheet1 Member=Component C4 0.1uF
Added Member To Class: ClassName=Sheet1 Member=Component C6 C1206C104K5RACTU
Added Member To Class: ClassName=Sheet1 Member=Component C7 CAP 1nF 50V 0805(2012)
Added Member To Class: ClassName=Sheet1 Member=Component C9 C1206C104K5RACTU
Added Member To Class: ClassName=Sheet1 Member=Component C10 C1206C104K5RACTU
