Removed Pin From Net: NetName=GND Pin=C1-2
Removed Pin From Net: NetName=GND Pin=C?-2
Removed Pin From Net: NetName=NetNP1_2 Pin=R2-2
Removed Pin From Net: NetName=NetNP1_3 Pin=R3-2
Removed Member From Class: ClassName=Sheet1 Member=R?
Change Component Footprint: Designator=R2 Old Footprint=RESC3216X60X45LL10T20 New Footprint=RESC3216X60X45ML10T20
Change Component Comment : Designator=R2 Old Comment=CRCW120647K0FKEA New Comment=CRCW1206470RFKEA
Change Component Designator: OldDesignator=C? NewDesignator=C3
Change Component Designator: OldDesignator=R? NewDesignator=R3
Change Managed Component Library Link : Designator=R2 Old VaultGUID=B7D15EC3-160A-466F-A46C-7801FE6295A7 New VaultGUID=B7D15EC3-160A-466F-A46C-7801FE6295A7 Old ItemGUID=425C1DF8-86C5-498D-894F-C567DCF4ACD2 New ItemGUID=C893B1B8-0814-46C1-A6E5-9B40B1C6CEB4 Old RevisionGUID=DBEB9407-EC9F-4CF1-BBF0-F8F936E2C130 New RevisionGUID=A3CCFB03-0213-4EA9-A5AE-6E78AFE240B5
Change component parameters: Designator = "R2" ("R2"); Footprint = "RESC3216X60X45LL10T20"; UniqueID = "\LYULRMAY" ("\LYULRMAY")
Change component parameters (AddParameter): Name = "Manufacturer"; Value = "Vishay Dale"; VariantName = "[No Variations]"
Change component parameters (AddParameter): Name = "Part Number"; Value = "CRCW1206470RFKEA"; VariantName = "[No Variations]"
Added Component: Designator=C2(KEMT-1206-2_M)
Add component (AddParameter): Name = "Capacitance"; Value = "0.1µF"; VariantName = "[No Variations]"
Add component (AddParameter): Name = "Capacitance Tolerance"; Value = "±10%"; VariantName = "[No Variations]"
Add component (AddParameter): Name = "Capacitor Case Style"; Value = "1206[3216Metric]"; VariantName = "[No Variations]"
Add component (AddParameter): Name = "Datasheet URL"; Value = "https://datasheet.ciiva.com/6125/1725438-6125494.pdf"; VariantName = "[No Variations]"
Add component (AddParameter): Name = "Datasheet Version"; Value = "Jul-13"; VariantName = "[No Variations]"
Add component (AddParameter): Name = "Dielectric Characteristic"; Value = "X7R"; VariantName = "[No Variations]"
Add component (AddParameter): Name = "Manufacturer"; Value = "Kemet"; VariantName = "[No Variations]"
Add component (AddParameter): Name = "Manufacturer URL"; Value = "http://www.kemet.com/"; VariantName = "[No Variations]"
Add component (AddParameter): Name = "Operating Temperature Max"; Value = "125degC"; VariantName = "[No Variations]"
Add component (AddParameter): Name = "Operating Temperature Min"; Value = "-55degC"; VariantName = "[No Variations]"
Add component (AddParameter): Name = "Package Description"; Value = "2-Leads SMD, Body 3.2 x 1.6 mm"; VariantName = "[No Variations]"
Add component (AddParameter): Name = "Package Reference"; Value = "1206-2"; VariantName = "[No Variations]"
Add component (AddParameter): Name = "Packaging"; Value = "Tape&Reel"; VariantName = "[No Variations]"
Add component (AddParameter): Name = "Product Range"; Value = "KEMET-CSeries"; VariantName = "[No Variations]"
Add component (AddParameter): Name = "SVHC"; Value = "ToBeAdvised"; VariantName = "[No Variations]"
Add component (AddParameter): Name = "Voltage Rating"; Value = "50V"; VariantName = "[No Variations]"
Added Component: Designator=C4(KEMT-1206-2_M)
Add component (AddParameter): Name = "Capacitance"; Value = "0.1µF"; VariantName = "[No Variations]"
Add component (AddParameter): Name = "Capacitance Tolerance"; Value = "±10%"; VariantName = "[No Variations]"
Add component (AddParameter): Name = "Capacitor Case Style"; Value = "1206[3216Metric]"; VariantName = "[No Variations]"
Add component (AddParameter): Name = "Datasheet URL"; Value = "https://datasheet.ciiva.com/6125/1725438-6125494.pdf"; VariantName = "[No Variations]"
Add component (AddParameter): Name = "Datasheet Version"; Value = "Jul-13"; VariantName = "[No Variations]"
Add component (AddParameter): Name = "Dielectric Characteristic"; Value = "X7R"; VariantName = "[No Variations]"
Add component (AddParameter): Name = "Manufacturer"; Value = "Kemet"; VariantName = "[No Variations]"
Add component (AddParameter): Name = "Manufacturer URL"; Value = "http://www.kemet.com/"; VariantName = "[No Variations]"
Add component (AddParameter): Name = "Operating Temperature Max"; Value = "125degC"; VariantName = "[No Variations]"
Add component (AddParameter): Name = "Operating Temperature Min"; Value = "-55degC"; VariantName = "[No Variations]"
Add component (AddParameter): Name = "Package Description"; Value = "2-Leads SMD, Body 3.2 x 1.6 mm"; VariantName = "[No Variations]"
Add component (AddParameter): Name = "Package Reference"; Value = "1206-2"; VariantName = "[No Variations]"
Add component (AddParameter): Name = "Packaging"; Value = "Tape&Reel"; VariantName = "[No Variations]"
Add component (AddParameter): Name = "Product Range"; Value = "KEMET-CSeries"; VariantName = "[No Variations]"
Add component (AddParameter): Name = "SVHC"; Value = "ToBeAdvised"; VariantName = "[No Variations]"
Add component (AddParameter): Name = "Voltage Rating"; Value = "50V"; VariantName = "[No Variations]"
Added Component: Designator=C5(KEMT-1206-2_M)
Add component (AddParameter): Name = "Capacitance"; Value = "0.1µF"; VariantName = "[No Variations]"
Add component (AddParameter): Name = "Capacitance Tolerance"; Value = "±10%"; VariantName = "[No Variations]"
Add component (AddParameter): Name = "Capacitor Case Style"; Value = "1206[3216Metric]"; VariantName = "[No Variations]"
Add component (AddParameter): Name = "Datasheet URL"; Value = "https://datasheet.ciiva.com/6125/1725438-6125494.pdf"; VariantName = "[No Variations]"
Add component (AddParameter): Name = "Datasheet Version"; Value = "Jul-13"; VariantName = "[No Variations]"
Add component (AddParameter): Name = "Dielectric Characteristic"; Value = "X7R"; VariantName = "[No Variations]"
Add component (AddParameter): Name = "Manufacturer"; Value = "Kemet"; VariantName = "[No Variations]"
Add component (AddParameter): Name = "Manufacturer URL"; Value = "http://www.kemet.com/"; VariantName = "[No Variations]"
Add component (AddParameter): Name = "Operating Temperature Max"; Value = "125degC"; VariantName = "[No Variations]"
Add component (AddParameter): Name = "Operating Temperature Min"; Value = "-55degC"; VariantName = "[No Variations]"
Add component (AddParameter): Name = "Package Description"; Value = "2-Leads SMD, Body 3.2 x 1.6 mm"; VariantName = "[No Variations]"
Add component (AddParameter): Name = "Package Reference"; Value = "1206-2"; VariantName = "[No Variations]"
Add component (AddParameter): Name = "Packaging"; Value = "Tape&Reel"; VariantName = "[No Variations]"
Add component (AddParameter): Name = "Product Range"; Value = "KEMET-CSeries"; VariantName = "[No Variations]"
Add component (AddParameter): Name = "SVHC"; Value = "ToBeAdvised"; VariantName = "[No Variations]"
Add component (AddParameter): Name = "Voltage Rating"; Value = "50V"; VariantName = "[No Variations]"
Added Component: Designator=R1(RESC3216X60X45ML10T20)
Add component (AddParameter): Name = "Manufacturer"; Value = "Vishay Dale"; VariantName = "[No Variations]"
Add component (AddParameter): Name = "Part Number"; Value = "CRCW1206470RFKEA"; VariantName = "[No Variations]"
Added Component: Designator=R4(RESC3216X60X45ML10T20)
Add component (AddParameter): Name = "Manufacturer"; Value = "Vishay Dale"; VariantName = "[No Variations]"
Add component (AddParameter): Name = "Part Number"; Value = "CRCW1206470RFKEA"; VariantName = "[No Variations]"
Added Component: Designator=R5(RESC3216X60X45ML10T20)
Add component (AddParameter): Name = "Manufacturer"; Value = "Vishay Dale"; VariantName = "[No Variations]"
Add component (AddParameter): Name = "Part Number"; Value = "CRCW1206470RFKEA"; VariantName = "[No Variations]"
Added Component: Designator=U2(FP-DBV0005A-IPC_A)
Added Pin To Net: NetName=NetNP1_2 Pin=R4-1
Added Pin To Net: NetName=NetNP1_3 Pin=R5-1
Added Pin To Net: NetName=GND Pin=U2-3
Change Net Name : Old Net Name=NetC?_1 New Net Name=NetC3_1
Added Pin To Net: NetName=+5 Pin=C1-2
Added Pin To Net: NetName=+5 Pin=C5-1
Added Net: Name=+5
Added Pin To Net: NetName=-5 Pin=C3-2
Added Pin To Net: NetName=-5 Pin=C4-1
Added Net: Name=-5
Added Pin To Net: NetName=NetC2_2 Pin=C2-2
Added Pin To Net: NetName=NetC2_2 Pin=R1-2
Added Net: Name=NetC2_2
Added Pin To Net: NetName=NetC4_2 Pin=C4-2
Added Pin To Net: NetName=NetC4_2 Pin=U2-2
Added Net: Name=NetC4_2
Added Pin To Net: NetName=NetC5_2 Pin=C5-2
Added Pin To Net: NetName=NetC5_2 Pin=U2-5
Added Net: Name=NetC5_2
Added Pin To Net: NetName=NetR1_1 Pin=R1-1
Added Pin To Net: NetName=NetR1_1 Pin=R2-1
Added Pin To Net: NetName=NetR1_1 Pin=R3-1
Added Pin To Net: NetName=NetR1_1 Pin=R5-2
Added Pin To Net: NetName=NetR1_1 Pin=U2-4
Added Net: Name=NetR1_1
Added Pin To Net: NetName=NetR3_2 Pin=R3-2
Added Pin To Net: NetName=NetR3_2 Pin=R4-2
Added Pin To Net: NetName=NetR3_2 Pin=U1-1
Added Net: Name=NetR3_2
Added Pin To Net: NetName=RLD Pin=C2-1
Added Pin To Net: NetName=RLD Pin=J1-3
Added Pin To Net: NetName=RLD Pin=R2-2
Added Pin To Net: NetName=RLD Pin=U2-1
Added Net: Name=RLD
Added Member To Class: ClassName=Sheet1 Member=Component C1 C1206C104K5RACTU
Added Member To Class: ClassName=Sheet1 Member=Component C2 C1206C104K5RACTU
Added Member To Class: ClassName=Sheet1 Member=Component C3 C1206C104K5RACTU
Added Member To Class: ClassName=Sheet1 Member=Component C4 C1206C104K5RACTU
Added Member To Class: ClassName=Sheet1 Member=Component C5 C1206C104K5RACTU
Added Member To Class: ClassName=Sheet1 Member=Component R1 CRCW1206470RFKEA
Added Member To Class: ClassName=Sheet1 Member=Component R4 CRCW1206470RFKEA
Added Member To Class: ClassName=Sheet1 Member=Component R5 CRCW1206470RFKEA
Added Member To Class: ClassName=Sheet1 Member=Component U2 TLV9151IDBVR
