Removed Pin From Net: NetName=-5 Pin=C6-1
Removed Pin From Net: NetName=+5 Pin=C10-1
Change Component Designator: OldDesignator=C7 NewDesignator=C6
Change Component Designator: OldDesignator=R4 NewDesignator=R5
Change Component Designator: OldDesignator=R5 NewDesignator=R4
Added Component: Designator=C7(KEMT-1206-2_M)
Add component (AddParameter): Name = "Capacitance"; Value = "0.1µF"; VariantName = "[No Variations]"
Add component (AddParameter): Name = "Capacitance Tolerance"; Value = "±10%"; VariantName = "[No Variations]"
Add component (AddParameter): Name = "Capacitor Case Style"; Value = "1206[3216Metric]"; VariantName = "[No Variations]"
Add component (AddParameter): Name = "Datasheet URL"; Value = "https://datasheet.ciiva.com/6125/1725438-6125494.pdf"; VariantName = "[No Variations]"
Add component (AddParameter): Name = "Datasheet Version"; Value = "Jul-13"; VariantName = "[No Variations]"
Add component (AddParameter): Name = "Dielectric Characteristic"; Value = "X7R"; VariantName = "[No Variations]"
Add component (AddParameter): Name = "Manufacturer"; Value = "Kemet"; VariantName = "[No Variations]"
Add component (AddParameter): Name = "Manufacturer URL"; Value = "http://www.kemet.com/"; VariantName = "[No Variations]"
Add component (AddParameter): Name = "Operating Temperature Max"; Value = "125degC"; VariantName = "[No Variations]"
Add component (AddParameter): Name = "Operating Temperature Min"; Value = "-55degC"; VariantName = "[No Variations]"
Add component (AddParameter): Name = "Package Description"; Value = "2-Leads SMD, Body 3.2 x 1.6 mm"; VariantName = "[No Variations]"
Add component (AddParameter): Name = "Package Reference"; Value = "1206-2"; VariantName = "[No Variations]"
Add component (AddParameter): Name = "Packaging"; Value = "Tape&Reel"; VariantName = "[No Variations]"
Add component (AddParameter): Name = "Product Range"; Value = "KEMET-CSeries"; VariantName = "[No Variations]"
Add component (AddParameter): Name = "SVHC"; Value = "ToBeAdvised"; VariantName = "[No Variations]"
Add component (AddParameter): Name = "Voltage Rating"; Value = "50V"; VariantName = "[No Variations]"
Added Pin To Net: NetName=GND Pin=C7-1
Added Pin To Net: NetName=-5 Pin=C7-2
Added Pin To Net: NetName=GND Pin=C10-1
Added Pin To Net: NetName=+5 Pin=C10-2
Added Pin To Net: NetName=-5 Pin=U2-2
Added Pin To Net: NetName=+5 Pin=U2-5
Added Member To Class: ClassName=Sheet1 Member=Component C1 C1206C104K5RACTU
Added Member To Class: ClassName=Sheet1 Member=Component C2 C1206C104K5RACTU
Added Member To Class: ClassName=Sheet1 Member=Component C3 C1206C104K5RACTU
Added Member To Class: ClassName=Sheet1 Member=Component C4 C1206C104K5RACTU
Added Member To Class: ClassName=Sheet1 Member=Component C6 C1206C104K5RACTU
Added Member To Class: ClassName=Sheet1 Member=Component C7 C1206C104K5RACTU
Added Member To Class: ClassName=Sheet1 Member=Component R1 CRCW1206470RFKEA
Added Member To Class: ClassName=Sheet1 Member=Component R2 CRCW1206470RFKEA
Added Member To Class: ClassName=Sheet1 Member=Component R5 CRCW1206470RFKEA
Added Member To Class: ClassName=Sheet1 Member=Component R8 CRCW1206470RFKEA
